c:\users\pollepel\desktop\gpuframework2017-2018\src\gpusample\gpusample.dir\debug\vc141.pdb
c:\users\pollepel\desktop\gpuframework2017-2018\src\gpusample\gpusample.dir\debug\noise_gpu.obj
c:\users\pollepel\desktop\gpuframework2017-2018\src\gpusample\gpusample.dir\debug\invert_gpu.obj
c:\users\pollepel\desktop\gpuframework2017-2018\src\gpusample\gpusample.dir\debug\invert_cpu.obj
c:\users\pollepel\desktop\gpuframework2017-2018\src\gpusample\gpusample.dir\debug\gs_gpu.obj
c:\users\pollepel\desktop\gpuframework2017-2018\src\gpusample\gpusample.dir\debug\gs_cpu.obj
c:\users\pollepel\desktop\gpuframework2017-2018\src\gpusample\gpusample.dir\debug\desaturate_gpu.obj
c:\users\pollepel\desktop\gpuframework2017-2018\src\gpusample\gpusample.dir\debug\desaturate_cpu.obj
c:\users\pollepel\desktop\gpuframework2017-2018\src\gpusample\gpusample.dir\debug\examplescl_cpp.obj
c:\users\pollepel\desktop\gpuframework2017-2018\src\gpusample\gpusample.dir\debug\examplescl_c_api.obj
c:\users\pollepel\desktop\gpuframework2017-2018\src\gpusample\gpusample.dir\debug\main.obj
c:\users\pollepel\desktop\gpuframework2017-2018\src\gpusample\gpusample.dir\debug\gb_gpu.obj
c:\users\pollepel\desktop\gpuframework2017-2018\src\gpusample\gpusample.dir\debug\gb_cpu.obj
c:\users\pollepel\desktop\gpuframework2017-2018\src\gpusample\cmakefiles\generate.stamp
c:\users\pollepel\desktop\gpuframework2017-2018\src\gpusample\debug\gpusample.pdb
c:\users\pollepel\desktop\gpuframework2017-2018\src\gpusample\gpusample.dir\debug\gpusample.tlog\cl.command.1.tlog
c:\users\pollepel\desktop\gpuframework2017-2018\src\gpusample\gpusample.dir\debug\gpusample.tlog\cl.read.1.tlog
c:\users\pollepel\desktop\gpuframework2017-2018\src\gpusample\gpusample.dir\debug\gpusample.tlog\cl.write.1.tlog
c:\users\pollepel\desktop\gpuframework2017-2018\src\gpusample\gpusample.dir\debug\gpusample.tlog\custombuild.command.1.tlog
c:\users\pollepel\desktop\gpuframework2017-2018\src\gpusample\gpusample.dir\debug\gpusample.tlog\custombuild.read.1.tlog
c:\users\pollepel\desktop\gpuframework2017-2018\src\gpusample\gpusample.dir\debug\gpusample.tlog\custombuild.write.1.tlog
c:\users\pollepel\desktop\gpuframework2017-2018\src\gpusample\gpusample.dir\debug\gpusample.tlog\link-cvtres.read.1.tlog
c:\users\pollepel\desktop\gpuframework2017-2018\src\gpusample\gpusample.dir\debug\gpusample.tlog\link-cvtres.write.1.tlog
c:\users\pollepel\desktop\gpuframework2017-2018\src\gpusample\gpusample.dir\debug\gpusample.tlog\link-rc.read.1.tlog
c:\users\pollepel\desktop\gpuframework2017-2018\src\gpusample\gpusample.dir\debug\gpusample.tlog\link-rc.write.1.tlog
c:\users\pollepel\desktop\gpuframework2017-2018\src\gpusample\gpusample.dir\debug\gpusample.tlog\link.10140-cvtres.read.1.tlog
c:\users\pollepel\desktop\gpuframework2017-2018\src\gpusample\gpusample.dir\debug\gpusample.tlog\link.10140-cvtres.write.1.tlog
c:\users\pollepel\desktop\gpuframework2017-2018\src\gpusample\gpusample.dir\debug\gpusample.tlog\link.10140-rc.read.1.tlog
c:\users\pollepel\desktop\gpuframework2017-2018\src\gpusample\gpusample.dir\debug\gpusample.tlog\link.10140-rc.write.1.tlog
c:\users\pollepel\desktop\gpuframework2017-2018\src\gpusample\gpusample.dir\debug\gpusample.tlog\link.10140.read.1.tlog
c:\users\pollepel\desktop\gpuframework2017-2018\src\gpusample\gpusample.dir\debug\gpusample.tlog\link.10140.write.1.tlog
c:\users\pollepel\desktop\gpuframework2017-2018\src\gpusample\gpusample.dir\debug\gpusample.tlog\link.command.1.tlog
c:\users\pollepel\desktop\gpuframework2017-2018\src\gpusample\gpusample.dir\debug\gpusample.tlog\link.read.1.tlog
c:\users\pollepel\desktop\gpuframework2017-2018\src\gpusample\gpusample.dir\debug\gpusample.tlog\link.write.1.tlog
